mode: atomic
github.com/yourorg/dedup-service/internal/fingerprint/fingerprint.go:42.19,42.42 1 6
github.com/yourorg/dedup-service/internal/fingerprint/fingerprint.go:46.19,49.4 2 10
github.com/yourorg/dedup-service/internal/fingerprint/fingerprint.go:67.50,73.43 2 20
github.com/yourorg/dedup-service/internal/fingerprint/fingerprint.go:73.43,79.64 4 20
github.com/yourorg/dedup-service/internal/fingerprint/fingerprint.go:79.64,82.4 2 0
github.com/yourorg/dedup-service/internal/fingerprint/fingerprint.go:84.3,86.21 3 20
github.com/yourorg/dedup-service/internal/fingerprint/fingerprint.go:89.2,89.16 1 20
github.com/yourorg/dedup-service/internal/fingerprint/fingerprint.go:96.37,101.2 4 1
github.com/yourorg/dedup-service/internal/fingerprint/fingerprint.go:104.33,108.2 3 18
github.com/yourorg/dedup-service/internal/fingerprint/fingerprint.go:112.40,130.2 9 19
github.com/yourorg/dedup-service/cmd/server/main.go:38.13,39.30 1 0
github.com/yourorg/dedup-service/cmd/server/main.go:39.30,42.3 2 0
github.com/yourorg/dedup-service/cmd/server/main.go:45.18,48.16 2 0
github.com/yourorg/dedup-service/cmd/server/main.go:48.16,50.3 1 0
github.com/yourorg/dedup-service/cmd/server/main.go:53.2,54.16 2 0
github.com/yourorg/dedup-service/cmd/server/main.go:54.16,56.3 1 0
github.com/yourorg/dedup-service/cmd/server/main.go:57.2,61.50 3 0
github.com/yourorg/dedup-service/cmd/server/main.go:61.50,63.3 1 0
github.com/yourorg/dedup-service/cmd/server/main.go:66.2,91.16 7 0
github.com/yourorg/dedup-service/cmd/server/main.go:91.16,93.3 1 0
github.com/yourorg/dedup-service/cmd/server/main.go:95.2,95.18 1 0
github.com/yourorg/dedup-service/cmd/server/main.go:95.18,98.3 2 0
github.com/yourorg/dedup-service/cmd/server/main.go:101.2,102.27 2 0
github.com/yourorg/dedup-service/cmd/server/main.go:102.27,107.23 4 0
github.com/yourorg/dedup-service/cmd/server/main.go:107.23,110.4 2 0
github.com/yourorg/dedup-service/cmd/server/main.go:111.3,111.46 1 0
github.com/yourorg/dedup-service/cmd/server/main.go:113.2,138.2 15 0
github.com/yourorg/dedup-service/cmd/server/main.go:138.2,150.3 11 0
github.com/yourorg/dedup-service/cmd/server/main.go:153.2,166.12 5 0
github.com/yourorg/dedup-service/cmd/server/main.go:166.12,168.87 2 0
github.com/yourorg/dedup-service/cmd/server/main.go:168.87,170.4 1 0
github.com/yourorg/dedup-service/cmd/server/main.go:171.3,171.19 1 0
github.com/yourorg/dedup-service/cmd/server/main.go:174.2,174.9 1 0
github.com/yourorg/dedup-service/cmd/server/main.go:175.26,176.17 1 0
github.com/yourorg/dedup-service/cmd/server/main.go:176.17,178.4 1 0
github.com/yourorg/dedup-service/cmd/server/main.go:179.21,180.76 1 0
github.com/yourorg/dedup-service/cmd/server/main.go:183.2,186.42 3 0
github.com/yourorg/dedup-service/cmd/server/main.go:186.42,188.3 1 0
github.com/yourorg/dedup-service/cmd/server/main.go:190.2,191.12 2 0
github.com/yourorg/dedup-service/cmd/server/main.go:198.88,200.16 2 0
github.com/yourorg/dedup-service/cmd/server/main.go:200.16,201.20 1 0
github.com/yourorg/dedup-service/cmd/server/main.go:201.20,203.4 1 0
github.com/yourorg/dedup-service/cmd/server/main.go:204.3,212.22 4 0
github.com/yourorg/dedup-service/cmd/server/main.go:212.23,212.24 0 0
github.com/yourorg/dedup-service/cmd/server/main.go:215.2,215.22 1 0
github.com/yourorg/dedup-service/cmd/server/main.go:215.22,216.44 1 0
github.com/yourorg/dedup-service/cmd/server/main.go:216.44,218.4 1 0
github.com/yourorg/dedup-service/cmd/server/main.go:220.2,220.35 1 0
github.com/yourorg/dedup-service/internal/middleware/middleware.go:30.33,31.35 1 6
github.com/yourorg/dedup-service/internal/middleware/middleware.go:31.35,33.3 1 5
github.com/yourorg/dedup-service/internal/middleware/middleware.go:34.2,34.27 1 1
github.com/yourorg/dedup-service/internal/middleware/middleware.go:41.34,42.30 1 2
github.com/yourorg/dedup-service/internal/middleware/middleware.go:42.30,44.15 2 2
github.com/yourorg/dedup-service/internal/middleware/middleware.go:44.15,48.4 3 1
github.com/yourorg/dedup-service/internal/middleware/middleware.go:49.3,51.11 3 2
github.com/yourorg/dedup-service/internal/middleware/middleware.go:57.53,58.30 1 1
github.com/yourorg/dedup-service/internal/middleware/middleware.go:58.30,69.10 6 1
github.com/yourorg/dedup-service/internal/middleware/middleware.go:70.22,71.24 1 0
github.com/yourorg/dedup-service/internal/middleware/middleware.go:72.57,73.23 1 0
github.com/yourorg/dedup-service/internal/middleware/middleware.go:74.11,75.24 1 1
github.com/yourorg/dedup-service/internal/middleware/middleware.go:77.3,85.15 1 1
github.com/yourorg/dedup-service/internal/middleware/middleware.go:91.54,92.30 1 1
github.com/yourorg/dedup-service/internal/middleware/middleware.go:92.30,93.16 1 1
github.com/yourorg/dedup-service/internal/middleware/middleware.go:93.16,94.36 1 1
github.com/yourorg/dedup-service/internal/middleware/middleware.go:94.36,103.5 2 1
github.com/yourorg/dedup-service/internal/middleware/middleware.go:105.3,105.11 1 1
github.com/yourorg/dedup-service/internal/middleware/middleware.go:110.32,111.30 1 1
github.com/yourorg/dedup-service/internal/middleware/middleware.go:111.30,117.17 5 1
github.com/yourorg/dedup-service/internal/middleware/middleware.go:117.17,119.4 1 0
github.com/yourorg/dedup-service/internal/middleware/middleware.go:120.3,123.93 3 1
github.com/yourorg/dedup-service/internal/middleware/middleware.go:128.33,129.30 1 1
github.com/yourorg/dedup-service/internal/middleware/middleware.go:129.30,133.3 1 1
github.com/yourorg/dedup-service/internal/config/config.go:56.50,89.48 25 5
github.com/yourorg/dedup-service/internal/config/config.go:89.48,91.3 1 5
github.com/yourorg/dedup-service/internal/config/config.go:91.8,95.3 3 0
github.com/yourorg/dedup-service/internal/config/config.go:97.2,97.41 1 5
github.com/yourorg/dedup-service/internal/config/config.go:97.41,99.56 1 2
github.com/yourorg/dedup-service/internal/config/config.go:99.56,103.27 1 2
github.com/yourorg/dedup-service/internal/config/config.go:103.27,105.5 1 0
github.com/yourorg/dedup-service/internal/config/config.go:110.2,111.16 2 5
github.com/yourorg/dedup-service/internal/config/config.go:111.16,113.3 1 0
github.com/yourorg/dedup-service/internal/config/config.go:114.2,115.16 2 5
github.com/yourorg/dedup-service/internal/config/config.go:115.16,117.3 1 0
github.com/yourorg/dedup-service/internal/config/config.go:118.2,119.16 2 5
github.com/yourorg/dedup-service/internal/config/config.go:119.16,121.3 1 0
github.com/yourorg/dedup-service/internal/config/config.go:122.2,123.16 2 5
github.com/yourorg/dedup-service/internal/config/config.go:123.16,125.3 1 0
github.com/yourorg/dedup-service/internal/config/config.go:126.2,127.16 2 5
github.com/yourorg/dedup-service/internal/config/config.go:127.16,129.3 1 0
github.com/yourorg/dedup-service/internal/config/config.go:130.2,131.16 2 5
github.com/yourorg/dedup-service/internal/config/config.go:131.16,133.3 1 0
github.com/yourorg/dedup-service/internal/config/config.go:136.2,138.31 3 5
github.com/yourorg/dedup-service/internal/config/config.go:138.31,139.58 1 14
github.com/yourorg/dedup-service/internal/config/config.go:139.58,141.4 1 14
github.com/yourorg/dedup-service/internal/config/config.go:144.2,177.39 3 5
github.com/yourorg/dedup-service/internal/config/config.go:177.39,179.3 1 2
github.com/yourorg/dedup-service/internal/config/config.go:181.2,181.17 1 3
github.com/yourorg/dedup-service/internal/config/config.go:186.55,189.2 2 9
github.com/yourorg/dedup-service/internal/config/config.go:194.36,196.37 2 5
github.com/yourorg/dedup-service/internal/config/config.go:196.37,198.3 1 14
github.com/yourorg/dedup-service/internal/config/config.go:201.35,202.24 1 5
github.com/yourorg/dedup-service/internal/config/config.go:202.24,204.3 1 1
github.com/yourorg/dedup-service/internal/config/config.go:205.2,205.23 1 4
github.com/yourorg/dedup-service/internal/config/config.go:205.23,207.3 1 0
github.com/yourorg/dedup-service/internal/config/config.go:208.2,208.24 1 4
github.com/yourorg/dedup-service/internal/config/config.go:208.24,210.3 1 1
github.com/yourorg/dedup-service/internal/config/config.go:211.2,211.25 1 3
github.com/yourorg/dedup-service/internal/config/config.go:211.25,213.3 1 0
github.com/yourorg/dedup-service/internal/config/config.go:214.2,214.28 1 3
github.com/yourorg/dedup-service/internal/config/config.go:214.28,216.3 1 0
github.com/yourorg/dedup-service/internal/config/config.go:217.2,217.26 1 3
github.com/yourorg/dedup-service/internal/config/config.go:217.26,219.3 1 0
github.com/yourorg/dedup-service/internal/config/config.go:220.2,220.12 1 3
github.com/yourorg/dedup-service/internal/handler/handler.go:54.87,56.2 1 12
github.com/yourorg/dedup-service/internal/handler/handler.go:59.47,61.46 1 35
github.com/yourorg/dedup-service/internal/handler/handler.go:61.46,65.3 3 15
github.com/yourorg/dedup-service/internal/handler/handler.go:68.2,69.16 2 20
github.com/yourorg/dedup-service/internal/handler/handler.go:69.16,77.3 4 0
github.com/yourorg/dedup-service/internal/handler/handler.go:79.2,90.28 4 20
github.com/yourorg/dedup-service/internal/handler/handler.go:90.28,94.3 3 0
github.com/yourorg/dedup-service/internal/handler/handler.go:95.2,98.16 4 20
github.com/yourorg/dedup-service/internal/handler/handler.go:98.16,99.43 1 2
github.com/yourorg/dedup-service/internal/handler/handler.go:99.43,103.4 1 2
github.com/yourorg/dedup-service/internal/handler/handler.go:103.9,105.4 1 0
github.com/yourorg/dedup-service/internal/handler/handler.go:106.3,108.9 3 2
github.com/yourorg/dedup-service/internal/handler/handler.go:111.2,111.17 1 18
github.com/yourorg/dedup-service/internal/handler/handler.go:111.17,120.3 4 5
github.com/yourorg/dedup-service/internal/handler/handler.go:122.2,124.25 3 13
github.com/yourorg/dedup-service/internal/handler/handler.go:128.55,129.20 1 2
github.com/yourorg/dedup-service/internal/handler/handler.go:129.20,132.3 2 1
github.com/yourorg/dedup-service/internal/handler/handler.go:133.2,133.71 1 1
github.com/yourorg/dedup-service/internal/handler/handler.go:145.69,147.2 1 2
github.com/yourorg/dedup-service/internal/handler/handler.go:150.48,151.58 1 2
github.com/yourorg/dedup-service/internal/handler/handler.go:151.58,158.3 3 1
github.com/yourorg/dedup-service/internal/handler/handler.go:161.2,161.48 1 1
github.com/yourorg/dedup-service/internal/handler/handler.go:161.48,167.3 2 0
github.com/yourorg/dedup-service/internal/handler/handler.go:168.2,168.54 1 1
github.com/yourorg/dedup-service/internal/store/cached_store.go:30.44,39.2 4 9
github.com/yourorg/dedup-service/internal/store/cached_store.go:42.101,44.27 1 5010
github.com/yourorg/dedup-service/internal/store/cached_store.go:44.27,47.3 2 2
github.com/yourorg/dedup-service/internal/store/cached_store.go:48.2,52.16 3 5008
github.com/yourorg/dedup-service/internal/store/cached_store.go:52.16,54.3 1 1
github.com/yourorg/dedup-service/internal/store/cached_store.go:57.2,58.19 2 5007
github.com/yourorg/dedup-service/internal/store/cached_store.go:62.55,64.2 1 2
github.com/yourorg/dedup-service/internal/store/cached_store.go:67.37,70.2 2 9
github.com/yourorg/dedup-service/internal/store/cached_store.go:73.38,75.2 1 0
github.com/yourorg/dedup-service/internal/store/localcache.go:29.34,31.26 2 18
github.com/yourorg/dedup-service/internal/store/localcache.go:31.26,33.3 1 4608
github.com/yourorg/dedup-service/internal/store/localcache.go:34.2,34.10 1 18
github.com/yourorg/dedup-service/internal/store/localcache.go:38.48,47.9 7 55016
github.com/yourorg/dedup-service/internal/store/localcache.go:47.9,49.3 1 5008
github.com/yourorg/dedup-service/internal/store/localcache.go:50.2,50.19 1 50008
github.com/yourorg/dedup-service/internal/store/localcache.go:50.19,53.75 2 3
github.com/yourorg/dedup-service/internal/store/localcache.go:53.75,55.4 1 3
github.com/yourorg/dedup-service/internal/store/localcache.go:56.3,57.15 2 3
github.com/yourorg/dedup-service/internal/store/localcache.go:59.2,59.13 1 50005
github.com/yourorg/dedup-service/internal/store/localcache.go:63.57,71.2 6 56116
github.com/yourorg/dedup-service/internal/store/localcache.go:74.32,76.26 2 8
github.com/yourorg/dedup-service/internal/store/localcache.go:76.26,80.3 3 2048
github.com/yourorg/dedup-service/internal/store/localcache.go:81.2,81.10 1 8
github.com/yourorg/dedup-service/internal/store/localcache.go:85.77,88.6 3 10
github.com/yourorg/dedup-service/internal/store/localcache.go:88.6,89.10 1 13
github.com/yourorg/dedup-service/internal/store/localcache.go:90.21,91.10 1 10
github.com/yourorg/dedup-service/internal/store/localcache.go:92.19,93.13 1 3
github.com/yourorg/dedup-service/internal/store/localcache.go:99.30,101.26 2 4
github.com/yourorg/dedup-service/internal/store/localcache.go:101.26,104.34 3 1024
github.com/yourorg/dedup-service/internal/store/localcache.go:104.34,105.18 1 101
github.com/yourorg/dedup-service/internal/store/localcache.go:105.18,107.5 1 101
github.com/yourorg/dedup-service/internal/store/localcache.go:109.3,109.20 1 1024
github.com/yourorg/dedup-service/internal/store/localcache.go:114.51,116.32 2 111132
github.com/yourorg/dedup-service/internal/store/localcache.go:116.32,119.3 2 905526
github.com/yourorg/dedup-service/internal/store/localcache.go:120.2,120.24 1 111132
github.com/yourorg/dedup-service/internal/store/store.go:49.56,64.47 4 0
github.com/yourorg/dedup-service/internal/store/store.go:64.47,67.3 2 0
github.com/yourorg/dedup-service/internal/store/store.go:69.2,69.41 1 0
github.com/yourorg/dedup-service/internal/store/store.go:79.100,81.16 2 0
github.com/yourorg/dedup-service/internal/store/store.go:81.16,83.3 1 0
github.com/yourorg/dedup-service/internal/store/store.go:86.2,86.18 1 0
github.com/yourorg/dedup-service/internal/store/store.go:90.54,91.49 1 0
github.com/yourorg/dedup-service/internal/store/store.go:91.49,93.3 1 0
github.com/yourorg/dedup-service/internal/store/store.go:94.2,94.12 1 0
github.com/yourorg/dedup-service/internal/store/store.go:98.36,100.2 1 0
github.com/yourorg/dedup-service/internal/store/store.go:124.31,126.2 1 17
github.com/yourorg/dedup-service/internal/store/store.go:130.99,131.18 1 5066
github.com/yourorg/dedup-service/internal/store/store.go:131.18,133.3 1 2
github.com/yourorg/dedup-service/internal/store/store.go:135.2,140.38 4 5064
github.com/yourorg/dedup-service/internal/store/store.go:140.38,141.29 1 52
github.com/yourorg/dedup-service/internal/store/store.go:141.29,144.4 1 2
github.com/yourorg/dedup-service/internal/store/store.go:144.9,146.4 1 50
github.com/yourorg/dedup-service/internal/store/store.go:149.2,150.19 2 5014
github.com/yourorg/dedup-service/internal/store/store.go:154.53,154.69 1 4
github.com/yourorg/dedup-service/internal/store/store.go:157.37,157.51 1 9
